2023-11-08 00:03:39,392 Collecting Gaseous Data for year: 2023
2023-11-08 00:05:00,393 Collecting Gaseous Data for year: 2022
2023-11-08 00:06:21,583 Collecting Gaseous Data for year: 2021
2023-11-08 00:07:42,467 Collecting Gaseous Data for year: 2020
2023-11-08 00:09:03,628 Collecting Gaseous Data for year: 2019
2023-11-08 00:10:24,911 Collecting Gaseous Data for year: 2018
2023-11-08 00:11:46,258 Collecting Gaseous Data for year: 2017
2023-11-08 00:13:07,378 Collecting Gaseous Data for year: 2016
2023-11-08 00:14:28,370 Collecting Gaseous Data for year: 2015
2023-11-08 00:15:49,481 Collecting Gaseous Data for year: 2014
2023-11-08 00:17:10,550 Collecting Gaseous Data for year: 2013
2023-11-08 00:18:31,450 Collecting Gaseous Data for year: 2012
2023-11-08 00:19:52,313 Collecting Gaseous Data for year: 2011
2023-11-08 00:21:13,307 Collecting Gaseous Data for year: 2010
2023-11-08 00:22:34,339 Collecting Gaseous Data for year: 2009
2023-11-08 00:23:55,191 Collecting Gaseous Data for year: 2008
2023-11-08 00:25:15,773 Collecting Gaseous Data for year: 2007
2023-11-08 00:26:36,216 Got no data for 2007, status = [{'status': 'No data matched your selection', 'request_time': '2023-11-08T03:26:31-05:00', 'url': 'https://aqs.epa.gov/data/api/dailyData/byCounty?email=vaibhav1@uw.edu&key=bluehare23&param=42101,42401,42602,44201&bdate=20070101&edate=20071231&state=04&county=025', 'rows': 0}]
2023-11-08 00:26:36,224 Collecting Gaseous Data for year: 2006
2023-11-08 00:28:01,762 Got no data for 2006, status = [{'status': 'No data matched your selection', 'request_time': '2023-11-08T03:27:52-05:00', 'url': 'https://aqs.epa.gov/data/api/dailyData/byCounty?email=vaibhav1@uw.edu&key=bluehare23&param=42101,42401,42602,44201&bdate=20060101&edate=20061231&state=04&county=025', 'rows': 0}]
2023-11-08 00:28:01,769 Collecting Gaseous Data for year: 2005
2023-11-08 00:29:22,546 Collecting Gaseous Data for year: 2004
2023-11-08 00:30:43,310 Collecting Gaseous Data for year: 2003
2023-11-08 00:32:04,264 Collecting Gaseous Data for year: 2002
2023-11-08 00:33:25,443 Collecting Gaseous Data for year: 2001
2023-11-08 00:34:46,776 Collecting Gaseous Data for year: 2000
2023-11-08 00:36:09,264 Collecting Gaseous Data for year: 1999
2023-11-08 00:37:30,335 Collecting Gaseous Data for year: 1998
2023-11-08 00:38:51,187 Collecting Gaseous Data for year: 1997
2023-11-08 00:40:12,151 Collecting Gaseous Data for year: 1996
2023-11-08 00:41:33,410 Collecting Gaseous Data for year: 1995
2023-11-08 00:42:54,035 Got no data for 1995, status = [{'status': 'No data matched your selection', 'request_time': '2023-11-08T03:42:49-05:00', 'url': 'https://aqs.epa.gov/data/api/dailyData/byCounty?email=vaibhav1@uw.edu&key=bluehare23&param=42101,42401,42602,44201&bdate=19950101&edate=19951231&state=04&county=025', 'rows': 0}]
2023-11-08 00:42:54,040 Collecting Gaseous Data for year: 1994
2023-11-08 00:44:14,462 Got no data for 1994, status = [{'status': 'No data matched your selection', 'request_time': '2023-11-08T03:44:09-05:00', 'url': 'https://aqs.epa.gov/data/api/dailyData/byCounty?email=vaibhav1@uw.edu&key=bluehare23&param=42101,42401,42602,44201&bdate=19940101&edate=19941231&state=04&county=025', 'rows': 0}]
2023-11-08 00:44:14,469 Collecting Gaseous Data for year: 1993
2023-11-08 00:45:34,926 Got no data for 1993, status = [{'status': 'No data matched your selection', 'request_time': '2023-11-08T03:45:29-05:00', 'url': 'https://aqs.epa.gov/data/api/dailyData/byCounty?email=vaibhav1@uw.edu&key=bluehare23&param=42101,42401,42602,44201&bdate=19930101&edate=19931231&state=04&county=025', 'rows': 0}]
2023-11-08 00:45:34,933 Collecting Gaseous Data for year: 1992
2023-11-08 00:46:55,354 Got no data for 1992, status = [{'status': 'No data matched your selection', 'request_time': '2023-11-08T03:46:50-05:00', 'url': 'https://aqs.epa.gov/data/api/dailyData/byCounty?email=vaibhav1@uw.edu&key=bluehare23&param=42101,42401,42602,44201&bdate=19920101&edate=19921231&state=04&county=025', 'rows': 0}]
2023-11-08 00:46:55,361 Collecting Gaseous Data for year: 1991
2023-11-08 00:48:15,793 Got no data for 1991, status = [{'status': 'No data matched your selection', 'request_time': '2023-11-08T03:48:10-05:00', 'url': 'https://aqs.epa.gov/data/api/dailyData/byCounty?email=vaibhav1@uw.edu&key=bluehare23&param=42101,42401,42602,44201&bdate=19910101&edate=19911231&state=04&county=025', 'rows': 0}]
2023-11-08 00:48:15,801 Collecting Gaseous Data for year: 1990
2023-11-08 00:49:36,336 Got no data for 1990, status = [{'status': 'No data matched your selection', 'request_time': '2023-11-08T03:49:31-05:00', 'url': 'https://aqs.epa.gov/data/api/dailyData/byCounty?email=vaibhav1@uw.edu&key=bluehare23&param=42101,42401,42602,44201&bdate=19900101&edate=19901231&state=04&county=025', 'rows': 0}]
2023-11-08 00:49:36,343 Collecting Gaseous Data for year: 1989
2023-11-08 00:50:56,761 Got no data for 1989, status = [{'status': 'No data matched your selection', 'request_time': '2023-11-08T03:50:51-05:00', 'url': 'https://aqs.epa.gov/data/api/dailyData/byCounty?email=vaibhav1@uw.edu&key=bluehare23&param=42101,42401,42602,44201&bdate=19890101&edate=19891231&state=04&county=025', 'rows': 0}]
2023-11-08 00:50:56,766 Collecting Gaseous Data for year: 1988
2023-11-08 00:52:17,482 Got no data for 1988, status = [{'status': 'No data matched your selection', 'request_time': '2023-11-08T03:52:12-05:00', 'url': 'https://aqs.epa.gov/data/api/dailyData/byCounty?email=vaibhav1@uw.edu&key=bluehare23&param=42101,42401,42602,44201&bdate=19880101&edate=19881231&state=04&county=025', 'rows': 0}]
2023-11-08 00:52:17,494 Collecting Gaseous Data for year: 1987
2023-11-08 00:53:37,922 Got no data for 1987, status = [{'status': 'No data matched your selection', 'request_time': '2023-11-08T03:53:32-05:00', 'url': 'https://aqs.epa.gov/data/api/dailyData/byCounty?email=vaibhav1@uw.edu&key=bluehare23&param=42101,42401,42602,44201&bdate=19870101&edate=19871231&state=04&county=025', 'rows': 0}]
2023-11-08 00:53:37,930 Collecting Gaseous Data for year: 1986
2023-11-08 00:54:58,363 Got no data for 1986, status = [{'status': 'No data matched your selection', 'request_time': '2023-11-08T03:54:53-05:00', 'url': 'https://aqs.epa.gov/data/api/dailyData/byCounty?email=vaibhav1@uw.edu&key=bluehare23&param=42101,42401,42602,44201&bdate=19860101&edate=19861231&state=04&county=025', 'rows': 0}]
2023-11-08 00:54:58,369 Collecting Gaseous Data for year: 1985
2023-11-08 00:54:58,369 Got 10 consecutive years of no gaseous data, stopping requests2023-11-08 08:39:39,757 Collecting Particle Data for year: 2023
2023-11-08 08:40:55,248 Collecting Particle Data for year: 2022
2023-11-08 08:42:10,735 Collecting Particle Data for year: 2021
2023-11-08 08:43:26,198 Collecting Particle Data for year: 2020
2023-11-08 08:44:41,687 Collecting Particle Data for year: 2019
2023-11-08 08:45:57,210 Collecting Particle Data for year: 2018
2023-11-08 08:47:12,714 Collecting Particle Data for year: 2017
2023-11-08 08:48:28,410 Collecting Particle Data for year: 2016
2023-11-08 08:49:44,151 Collecting Particle Data for year: 2015
2023-11-08 08:50:59,636 Collecting Particle Data for year: 2014
2023-11-08 08:52:15,128 Collecting Particle Data for year: 2013
2023-11-08 08:53:30,877 Collecting Particle Data for year: 2012
2023-11-08 08:54:46,677 Collecting Particle Data for year: 2011
2023-11-08 08:56:02,545 Collecting Particle Data for year: 2010
2023-11-08 08:57:18,168 Collecting Particle Data for year: 2009
2023-11-08 08:58:33,794 Collecting Particle Data for year: 2008
2023-11-08 08:59:49,439 Collecting Particle Data for year: 2007
2023-11-08 09:01:05,208 Collecting Particle Data for year: 2006
2023-11-08 09:02:20,751 Collecting Particle Data for year: 2005
2023-11-08 09:03:36,302 Collecting Particle Data for year: 2004
2023-11-08 09:04:52,034 Collecting Particle Data for year: 2003
2023-11-08 09:06:07,612 Collecting Particle Data for year: 2002
2023-11-08 09:07:23,158 Collecting Particle Data for year: 2001
2023-11-08 09:08:38,953 Collecting Particle Data for year: 2000
2023-11-08 09:09:54,531 Collecting Particle Data for year: 1999
2023-11-08 09:11:10,075 Collecting Particle Data for year: 1998
2023-11-08 09:12:25,853 Collecting Particle Data for year: 1997
2023-11-08 09:13:41,545 Collecting Particle Data for year: 1996
2023-11-08 09:14:57,083 Collecting Particle Data for year: 1995
2023-11-08 09:16:12,688 Collecting Particle Data for year: 1994
2023-11-08 09:17:28,577 Collecting Particle Data for year: 1993
2023-11-08 09:18:44,085 Collecting Particle Data for year: 1992
2023-11-08 09:19:59,623 Collecting Particle Data for year: 1991
2023-11-08 09:21:15,421 Collecting Particle Data for year: 1990
2023-11-08 09:22:30,934 Collecting Particle Data for year: 1989
2023-11-08 09:23:46,386 Got no data for 1989, status = [{'status': 'No data matched your selection', 'request_time': '2023-11-08T12:23:46-05:00', 'url': 'https://aqs.epa.gov/data/api/dailyData/byCounty?email=vaibhav1@uw.edu&key=bluehare23&param=81102,88101,88502&bdate=19890101&edate=19891231&state=04&county=025', 'rows': 0}]
2023-11-08 09:23:46,392 Collecting Particle Data for year: 1988
2023-11-08 09:25:01,875 Got no data for 1988, status = [{'status': 'No data matched your selection', 'request_time': '2023-11-08T12:25:01-05:00', 'url': 'https://aqs.epa.gov/data/api/dailyData/byCounty?email=vaibhav1@uw.edu&key=bluehare23&param=81102,88101,88502&bdate=19880101&edate=19881231&state=04&county=025', 'rows': 0}]
2023-11-08 09:25:01,907 Collecting Particle Data for year: 1987
2023-11-08 09:26:17,346 Got no data for 1987, status = [{'status': 'No data matched your selection', 'request_time': '2023-11-08T12:26:17-05:00', 'url': 'https://aqs.epa.gov/data/api/dailyData/byCounty?email=vaibhav1@uw.edu&key=bluehare23&param=81102,88101,88502&bdate=19870101&edate=19871231&state=04&county=025', 'rows': 0}]
2023-11-08 09:26:17,375 Collecting Particle Data for year: 1986
2023-11-08 09:27:32,800 Got no data for 1986, status = [{'status': 'No data matched your selection', 'request_time': '2023-11-08T12:27:32-05:00', 'url': 'https://aqs.epa.gov/data/api/dailyData/byCounty?email=vaibhav1@uw.edu&key=bluehare23&param=81102,88101,88502&bdate=19860101&edate=19861231&state=04&county=025', 'rows': 0}]
2023-11-08 09:27:32,823 Collecting Particle Data for year: 1985
2023-11-08 09:28:48,361 Got no data for 1985, status = [{'status': 'No data matched your selection', 'request_time': '2023-11-08T12:28:48-05:00', 'url': 'https://aqs.epa.gov/data/api/dailyData/byCounty?email=vaibhav1@uw.edu&key=bluehare23&param=81102,88101,88502&bdate=19850101&edate=19851231&state=04&county=025', 'rows': 0}]
2023-11-08 09:28:48,370 Collecting Particle Data for year: 1984
2023-11-08 09:30:03,833 Got no data for 1984, status = [{'status': 'No data matched your selection', 'request_time': '2023-11-08T12:30:03-05:00', 'url': 'https://aqs.epa.gov/data/api/dailyData/byCounty?email=vaibhav1@uw.edu&key=bluehare23&param=81102,88101,88502&bdate=19840101&edate=19841231&state=04&county=025', 'rows': 0}]
2023-11-08 09:30:03,840 Collecting Particle Data for year: 1983
2023-11-08 09:31:19,906 Got no data for 1983, status = [{'status': 'No data matched your selection', 'request_time': '2023-11-08T12:31:19-05:00', 'url': 'https://aqs.epa.gov/data/api/dailyData/byCounty?email=vaibhav1@uw.edu&key=bluehare23&param=81102,88101,88502&bdate=19830101&edate=19831231&state=04&county=025', 'rows': 0}]
2023-11-08 09:31:19,909 Collecting Particle Data for year: 1982
2023-11-08 09:32:35,528 Got no data for 1982, status = [{'status': 'No data matched your selection', 'request_time': '2023-11-08T12:32:35-05:00', 'url': 'https://aqs.epa.gov/data/api/dailyData/byCounty?email=vaibhav1@uw.edu&key=bluehare23&param=81102,88101,88502&bdate=19820101&edate=19821231&state=04&county=025', 'rows': 0}]
2023-11-08 09:32:35,535 Collecting Particle Data for year: 1981
2023-11-08 09:33:51,625 Got no data for 1981, status = [{'status': 'No data matched your selection', 'request_time': '2023-11-08T12:33:51-05:00', 'url': 'https://aqs.epa.gov/data/api/dailyData/byCounty?email=vaibhav1@uw.edu&key=bluehare23&param=81102,88101,88502&bdate=19810101&edate=19811231&state=04&county=025', 'rows': 0}]
2023-11-08 09:33:51,630 Collecting Particle Data for year: 1980
2023-11-08 09:35:07,574 Got no data for 1980, status = [{'status': 'No data matched your selection', 'request_time': '2023-11-08T12:35:07-05:00', 'url': 'https://aqs.epa.gov/data/api/dailyData/byCounty?email=vaibhav1@uw.edu&key=bluehare23&param=81102,88101,88502&bdate=19800101&edate=19801231&state=04&county=025', 'rows': 0}]
2023-11-08 09:35:07,577 Collecting Particle Data for year: 1979
2023-11-08 09:35:07,578 Got 10 consecutive years of no particle data, stopping requests
2023-11-08 09:59:28,572 Collecting Gaseous Data for year: 2023 using BBOX [33.112113637681155, 36.01066436231884, -114.37150183150183, -110.70849816849818]
2023-11-08 10:14:41,554 No such comm target registered: jupyter.widget.control
2023-11-08 10:14:41,556 No such comm: 1b89f04a-3d99-48f0-aa4c-615a4e0b1c5d
2023-11-08 11:25:11,357 Collecting Gaseous Data for year: 2023 using BBOX [33.112113637681155, 36.01066436231884, -114.37150183150183, -110.70849816849818]
2023-11-08 11:26:43,950 Collecting Gaseous Data for year: 2023 using BBOX [33.112113637681155, 36.01066436231884, -114.37150183150183, -110.70849816849818]
2023-11-08 11:26:50,596 Collecting Gaseous Data for year: 2023 using BBOX [33.112113637681155, 36.01066436231884, -114.37150183150183, -110.70849816849818]
2023-11-08 11:26:56,596 Collecting Gaseous Data for year: 2022 using BBOX [33.112113637681155, 36.01066436231884, -114.37150183150183, -110.70849816849818]
2023-11-08 11:27:02,611 Collecting Gaseous Data for year: 2021 using BBOX [33.112113637681155, 36.01066436231884, -114.37150183150183, -110.70849816849818]
2023-11-08 11:27:08,652 Collecting Gaseous Data for year: 2020 using BBOX [33.112113637681155, 36.01066436231884, -114.37150183150183, -110.70849816849818]
2023-11-08 11:27:14,631 Collecting Gaseous Data for year: 2019 using BBOX [33.112113637681155, 36.01066436231884, -114.37150183150183, -110.70849816849818]
2023-11-08 11:27:20,634 Collecting Gaseous Data for year: 2018 using BBOX [33.112113637681155, 36.01066436231884, -114.37150183150183, -110.70849816849818]
2023-11-08 11:27:26,574 Collecting Gaseous Data for year: 2017 using BBOX [33.112113637681155, 36.01066436231884, -114.37150183150183, -110.70849816849818]
2023-11-08 11:27:32,611 Collecting Gaseous Data for year: 2016 using BBOX [33.112113637681155, 36.01066436231884, -114.37150183150183, -110.70849816849818]
2023-11-08 11:27:38,554 Collecting Gaseous Data for year: 2015 using BBOX [33.112113637681155, 36.01066436231884, -114.37150183150183, -110.70849816849818]
2023-11-08 11:27:44,499 Collecting Gaseous Data for year: 2014 using BBOX [33.112113637681155, 36.01066436231884, -114.37150183150183, -110.70849816849818]
2023-11-08 11:27:50,429 Collecting Gaseous Data for year: 2013 using BBOX [33.112113637681155, 36.01066436231884, -114.37150183150183, -110.70849816849818]
2023-11-08 11:27:56,336 Collecting Gaseous Data for year: 2012 using BBOX [33.112113637681155, 36.01066436231884, -114.37150183150183, -110.70849816849818]
2023-11-08 11:28:02,308 Collecting Gaseous Data for year: 2011 using BBOX [33.112113637681155, 36.01066436231884, -114.37150183150183, -110.70849816849818]
2023-11-08 11:28:08,349 Collecting Gaseous Data for year: 2010 using BBOX [33.112113637681155, 36.01066436231884, -114.37150183150183, -110.70849816849818]
2023-11-08 11:28:14,275 Collecting Gaseous Data for year: 2009 using BBOX [33.112113637681155, 36.01066436231884, -114.37150183150183, -110.70849816849818]
2023-11-08 11:28:20,208 Collecting Gaseous Data for year: 2008 using BBOX [33.112113637681155, 36.01066436231884, -114.37150183150183, -110.70849816849818]
2023-11-08 11:28:26,169 Collecting Gaseous Data for year: 2007 using BBOX [33.112113637681155, 36.01066436231884, -114.37150183150183, -110.70849816849818]
2023-11-08 11:28:32,107 Collecting Gaseous Data for year: 2006 using BBOX [33.112113637681155, 36.01066436231884, -114.37150183150183, -110.70849816849818]
2023-11-08 11:28:38,044 Collecting Gaseous Data for year: 2005 using BBOX [33.112113637681155, 36.01066436231884, -114.37150183150183, -110.70849816849818]
2023-11-08 11:28:43,987 Collecting Gaseous Data for year: 2004 using BBOX [33.112113637681155, 36.01066436231884, -114.37150183150183, -110.70849816849818]
2023-11-08 11:28:49,848 Collecting Gaseous Data for year: 2003 using BBOX [33.112113637681155, 36.01066436231884, -114.37150183150183, -110.70849816849818]
2023-11-08 11:28:55,726 Collecting Gaseous Data for year: 2002 using BBOX [33.112113637681155, 36.01066436231884, -114.37150183150183, -110.70849816849818]
2023-11-08 11:29:01,574 Collecting Gaseous Data for year: 2001 using BBOX [33.112113637681155, 36.01066436231884, -114.37150183150183, -110.70849816849818]
2023-11-08 11:29:07,472 Collecting Gaseous Data for year: 2000 using BBOX [33.112113637681155, 36.01066436231884, -114.37150183150183, -110.70849816849818]
2023-11-08 11:29:13,507 Collecting Gaseous Data for year: 1999 using BBOX [33.112113637681155, 36.01066436231884, -114.37150183150183, -110.70849816849818]
2023-11-08 11:29:19,514 Collecting Gaseous Data for year: 1998 using BBOX [33.112113637681155, 36.01066436231884, -114.37150183150183, -110.70849816849818]
2023-11-08 11:29:25,458 Collecting Gaseous Data for year: 1997 using BBOX [33.112113637681155, 36.01066436231884, -114.37150183150183, -110.70849816849818]
2023-11-08 11:29:31,399 Collecting Gaseous Data for year: 1996 using BBOX [33.112113637681155, 36.01066436231884, -114.37150183150183, -110.70849816849818]
2023-11-08 11:29:37,231 Collecting Gaseous Data for year: 1995 using BBOX [33.112113637681155, 36.01066436231884, -114.37150183150183, -110.70849816849818]
2023-11-08 11:29:43,100 Collecting Gaseous Data for year: 1994 using BBOX [33.112113637681155, 36.01066436231884, -114.37150183150183, -110.70849816849818]
2023-11-08 11:29:48,945 Collecting Gaseous Data for year: 1993 using BBOX [33.112113637681155, 36.01066436231884, -114.37150183150183, -110.70849816849818]
2023-11-08 11:29:54,847 Collecting Gaseous Data for year: 1992 using BBOX [33.112113637681155, 36.01066436231884, -114.37150183150183, -110.70849816849818]
2023-11-08 11:30:00,789 Collecting Gaseous Data for year: 1991 using BBOX [33.112113637681155, 36.01066436231884, -114.37150183150183, -110.70849816849818]
2023-11-08 11:30:06,694 Collecting Gaseous Data for year: 1990 using BBOX [33.112113637681155, 36.01066436231884, -114.37150183150183, -110.70849816849818]
2023-11-08 11:30:12,625 Collecting Gaseous Data for year: 1989 using BBOX [33.112113637681155, 36.01066436231884, -114.37150183150183, -110.70849816849818]
2023-11-08 11:30:18,506 Collecting Gaseous Data for year: 1988 using BBOX [33.112113637681155, 36.01066436231884, -114.37150183150183, -110.70849816849818]
2023-11-08 11:30:24,444 Collecting Gaseous Data for year: 1987 using BBOX [33.112113637681155, 36.01066436231884, -114.37150183150183, -110.70849816849818]
2023-11-08 11:30:30,278 Collecting Gaseous Data for year: 1986 using BBOX [33.112113637681155, 36.01066436231884, -114.37150183150183, -110.70849816849818]
2023-11-08 11:30:36,118 Collecting Gaseous Data for year: 1985 using BBOX [33.112113637681155, 36.01066436231884, -114.37150183150183, -110.70849816849818]
2023-11-08 11:30:42,057 Collecting Gaseous Data for year: 1984 using BBOX [33.112113637681155, 36.01066436231884, -114.37150183150183, -110.70849816849818]
2023-11-08 11:30:47,943 Collecting Gaseous Data for year: 1983 using BBOX [33.112113637681155, 36.01066436231884, -114.37150183150183, -110.70849816849818]
2023-11-08 11:30:53,826 Collecting Gaseous Data for year: 1982 using BBOX [33.112113637681155, 36.01066436231884, -114.37150183150183, -110.70849816849818]
2023-11-08 11:30:59,652 Collecting Gaseous Data for year: 1981 using BBOX [33.112113637681155, 36.01066436231884, -114.37150183150183, -110.70849816849818]
2023-11-08 11:31:05,471 Collecting Gaseous Data for year: 1980 using BBOX [33.112113637681155, 36.01066436231884, -114.37150183150183, -110.70849816849818]
2023-11-08 11:31:11,422 Collecting Gaseous Data for year: 1979 using BBOX [33.112113637681155, 36.01066436231884, -114.37150183150183, -110.70849816849818]
2023-11-08 11:31:16,891 Got no data for 1979, status = [{'status': 'No data matched your selection', 'request_time': '2023-11-08T14:31:11-05:00', 'url': 'https://aqs.epa.gov/data/api/monitors/byBox?email=vaibhav1@uw.edu&key=bluehare23&param=81102,88101,88502&bdate=19790101&edate=19791231&minlat=33.112113637681155&maxlat=36.01066436231884&minlon=-114.37150183150183&maxlon=-110.70849816849818', 'rows': 0}]
2023-11-08 11:31:16,892 Collecting Gaseous Data for year: 1978 using BBOX [33.112113637681155, 36.01066436231884, -114.37150183150183, -110.70849816849818]
2023-11-08 11:31:22,378 Got no data for 1978, status = [{'status': 'No data matched your selection', 'request_time': '2023-11-08T14:31:17-05:00', 'url': 'https://aqs.epa.gov/data/api/monitors/byBox?email=vaibhav1@uw.edu&key=bluehare23&param=81102,88101,88502&bdate=19780101&edate=19781231&minlat=33.112113637681155&maxlat=36.01066436231884&minlon=-114.37150183150183&maxlon=-110.70849816849818', 'rows': 0}]
2023-11-08 11:31:22,381 Collecting Gaseous Data for year: 1977 using BBOX [33.112113637681155, 36.01066436231884, -114.37150183150183, -110.70849816849818]
2023-11-08 11:31:27,854 Got no data for 1977, status = [{'status': 'No data matched your selection', 'request_time': '2023-11-08T14:31:22-05:00', 'url': 'https://aqs.epa.gov/data/api/monitors/byBox?email=vaibhav1@uw.edu&key=bluehare23&param=81102,88101,88502&bdate=19770101&edate=19771231&minlat=33.112113637681155&maxlat=36.01066436231884&minlon=-114.37150183150183&maxlon=-110.70849816849818', 'rows': 0}]
2023-11-08 11:31:27,857 Collecting Gaseous Data for year: 1976 using BBOX [33.112113637681155, 36.01066436231884, -114.37150183150183, -110.70849816849818]
2023-11-08 11:31:33,339 Got no data for 1976, status = [{'status': 'No data matched your selection', 'request_time': '2023-11-08T14:31:28-05:00', 'url': 'https://aqs.epa.gov/data/api/monitors/byBox?email=vaibhav1@uw.edu&key=bluehare23&param=81102,88101,88502&bdate=19760101&edate=19761231&minlat=33.112113637681155&maxlat=36.01066436231884&minlon=-114.37150183150183&maxlon=-110.70849816849818', 'rows': 0}]
2023-11-08 11:31:33,342 Collecting Gaseous Data for year: 1975 using BBOX [33.112113637681155, 36.01066436231884, -114.37150183150183, -110.70849816849818]
2023-11-08 11:31:38,809 Got no data for 1975, status = [{'status': 'No data matched your selection', 'request_time': '2023-11-08T14:31:33-05:00', 'url': 'https://aqs.epa.gov/data/api/monitors/byBox?email=vaibhav1@uw.edu&key=bluehare23&param=81102,88101,88502&bdate=19750101&edate=19751231&minlat=33.112113637681155&maxlat=36.01066436231884&minlon=-114.37150183150183&maxlon=-110.70849816849818', 'rows': 0}]
2023-11-08 11:31:38,811 Collecting Gaseous Data for year: 1974 using BBOX [33.112113637681155, 36.01066436231884, -114.37150183150183, -110.70849816849818]
2023-11-08 11:31:44,278 Got no data for 1974, status = [{'status': 'No data matched your selection', 'request_time': '2023-11-08T14:31:39-05:00', 'url': 'https://aqs.epa.gov/data/api/monitors/byBox?email=vaibhav1@uw.edu&key=bluehare23&param=81102,88101,88502&bdate=19740101&edate=19741231&minlat=33.112113637681155&maxlat=36.01066436231884&minlon=-114.37150183150183&maxlon=-110.70849816849818', 'rows': 0}]
2023-11-08 11:31:44,282 Collecting Gaseous Data for year: 1973 using BBOX [33.112113637681155, 36.01066436231884, -114.37150183150183, -110.70849816849818]
2023-11-08 11:31:49,794 Got no data for 1973, status = [{'status': 'No data matched your selection', 'request_time': '2023-11-08T14:31:44-05:00', 'url': 'https://aqs.epa.gov/data/api/monitors/byBox?email=vaibhav1@uw.edu&key=bluehare23&param=81102,88101,88502&bdate=19730101&edate=19731231&minlat=33.112113637681155&maxlat=36.01066436231884&minlon=-114.37150183150183&maxlon=-110.70849816849818', 'rows': 0}]
2023-11-08 11:31:49,798 Collecting Gaseous Data for year: 1972 using BBOX [33.112113637681155, 36.01066436231884, -114.37150183150183, -110.70849816849818]
2023-11-08 11:31:55,291 Got no data for 1972, status = [{'status': 'No data matched your selection', 'request_time': '2023-11-08T14:31:50-05:00', 'url': 'https://aqs.epa.gov/data/api/monitors/byBox?email=vaibhav1@uw.edu&key=bluehare23&param=81102,88101,88502&bdate=19720101&edate=19721231&minlat=33.112113637681155&maxlat=36.01066436231884&minlon=-114.37150183150183&maxlon=-110.70849816849818', 'rows': 0}]
2023-11-08 11:31:55,294 Collecting Gaseous Data for year: 1971 using BBOX [33.112113637681155, 36.01066436231884, -114.37150183150183, -110.70849816849818]
2023-11-08 11:32:00,756 Got no data for 1971, status = [{'status': 'No data matched your selection', 'request_time': '2023-11-08T14:31:55-05:00', 'url': 'https://aqs.epa.gov/data/api/monitors/byBox?email=vaibhav1@uw.edu&key=bluehare23&param=81102,88101,88502&bdate=19710101&edate=19711231&minlat=33.112113637681155&maxlat=36.01066436231884&minlon=-114.37150183150183&maxlon=-110.70849816849818', 'rows': 0}]
2023-11-08 11:32:00,758 Collecting Gaseous Data for year: 1970 using BBOX [33.112113637681155, 36.01066436231884, -114.37150183150183, -110.70849816849818]
2023-11-08 11:32:06,218 Got no data for 1970, status = [{'status': 'No data matched your selection', 'request_time': '2023-11-08T14:32:01-05:00', 'url': 'https://aqs.epa.gov/data/api/monitors/byBox?email=vaibhav1@uw.edu&key=bluehare23&param=81102,88101,88502&bdate=19700101&edate=19701231&minlat=33.112113637681155&maxlat=36.01066436231884&minlon=-114.37150183150183&maxlon=-110.70849816849818', 'rows': 0}]
2023-11-08 11:32:06,220 Collecting Gaseous Data for year: 1969 using BBOX [33.112113637681155, 36.01066436231884, -114.37150183150183, -110.70849816849818]
2023-11-08 11:32:06,221 Got 10 consecutive years of no gaseous data, stopping requests
2023-11-08 12:30:55,698 Collecting Particle Data for year: 2023 using BBOX [33.112113637681155, 36.01066436231884, -114.37150183150183, -110.70849816849818]
2023-11-08 12:30:56,842 Collecting Particle Data for year: 2022 using BBOX [33.112113637681155, 36.01066436231884, -114.37150183150183, -110.70849816849818]
2023-11-08 12:30:57,698 Collecting Particle Data for year: 2021 using BBOX [33.112113637681155, 36.01066436231884, -114.37150183150183, -110.70849816849818]
2023-11-08 12:30:58,771 Collecting Particle Data for year: 2020 using BBOX [33.112113637681155, 36.01066436231884, -114.37150183150183, -110.70849816849818]
2023-11-08 12:32:49,681 Collecting Particle Data for year: 2023 using BBOX [33.112113637681155, 36.01066436231884, -114.37150183150183, -110.70849816849818]
2023-11-08 12:32:50,600 Collecting Particle Data for year: 2022 using BBOX [33.112113637681155, 36.01066436231884, -114.37150183150183, -110.70849816849818]
2023-11-08 12:32:51,437 Collecting Particle Data for year: 2021 using BBOX [33.112113637681155, 36.01066436231884, -114.37150183150183, -110.70849816849818]
2023-11-08 12:32:52,301 Collecting Particle Data for year: 2020 using BBOX [33.112113637681155, 36.01066436231884, -114.37150183150183, -110.70849816849818]
2023-11-08 12:32:53,163 Collecting Particle Data for year: 2019 using BBOX [33.112113637681155, 36.01066436231884, -114.37150183150183, -110.70849816849818]
2023-11-08 12:32:54,028 Collecting Particle Data for year: 2018 using BBOX [33.112113637681155, 36.01066436231884, -114.37150183150183, -110.70849816849818]
2023-11-08 12:32:54,901 Collecting Particle Data for year: 2017 using BBOX [33.112113637681155, 36.01066436231884, -114.37150183150183, -110.70849816849818]
2023-11-08 12:32:55,751 Collecting Particle Data for year: 2016 using BBOX [33.112113637681155, 36.01066436231884, -114.37150183150183, -110.70849816849818]
2023-11-08 12:32:56,639 Collecting Particle Data for year: 2015 using BBOX [33.112113637681155, 36.01066436231884, -114.37150183150183, -110.70849816849818]
2023-11-08 12:32:57,559 Collecting Particle Data for year: 2014 using BBOX [33.112113637681155, 36.01066436231884, -114.37150183150183, -110.70849816849818]
2023-11-08 12:32:58,480 Collecting Particle Data for year: 2013 using BBOX [33.112113637681155, 36.01066436231884, -114.37150183150183, -110.70849816849818]
2023-11-08 12:32:59,401 Collecting Particle Data for year: 2012 using BBOX [33.112113637681155, 36.01066436231884, -114.37150183150183, -110.70849816849818]
2023-11-08 12:33:00,323 Collecting Particle Data for year: 2011 using BBOX [33.112113637681155, 36.01066436231884, -114.37150183150183, -110.70849816849818]
2023-11-08 12:33:01,163 Collecting Particle Data for year: 2010 using BBOX [33.112113637681155, 36.01066436231884, -114.37150183150183, -110.70849816849818]
2023-11-08 12:33:02,097 Collecting Particle Data for year: 2009 using BBOX [33.112113637681155, 36.01066436231884, -114.37150183150183, -110.70849816849818]
2023-11-08 12:33:02,984 Collecting Particle Data for year: 2008 using BBOX [33.112113637681155, 36.01066436231884, -114.37150183150183, -110.70849816849818]
2023-11-08 12:33:03,826 Collecting Particle Data for year: 2007 using BBOX [33.112113637681155, 36.01066436231884, -114.37150183150183, -110.70849816849818]
2023-11-08 12:33:04,698 Collecting Particle Data for year: 2006 using BBOX [33.112113637681155, 36.01066436231884, -114.37150183150183, -110.70849816849818]
2023-11-08 12:33:05,919 Collecting Particle Data for year: 2005 using BBOX [33.112113637681155, 36.01066436231884, -114.37150183150183, -110.70849816849818]
2023-11-08 12:33:07,124 Collecting Particle Data for year: 2004 using BBOX [33.112113637681155, 36.01066436231884, -114.37150183150183, -110.70849816849818]
2023-11-08 12:33:08,673 Collecting Particle Data for year: 2003 using BBOX [33.112113637681155, 36.01066436231884, -114.37150183150183, -110.70849816849818]
2023-11-08 12:33:09,645 Collecting Particle Data for year: 2002 using BBOX [33.112113637681155, 36.01066436231884, -114.37150183150183, -110.70849816849818]
2023-11-08 12:33:10,855 Collecting Particle Data for year: 2001 using BBOX [33.112113637681155, 36.01066436231884, -114.37150183150183, -110.70849816849818]
2023-11-08 12:33:11,868 Collecting Particle Data for year: 2000 using BBOX [33.112113637681155, 36.01066436231884, -114.37150183150183, -110.70849816849818]
2023-11-08 12:33:12,935 Collecting Particle Data for year: 1999 using BBOX [33.112113637681155, 36.01066436231884, -114.37150183150183, -110.70849816849818]
2023-11-08 12:33:13,975 Collecting Particle Data for year: 1998 using BBOX [33.112113637681155, 36.01066436231884, -114.37150183150183, -110.70849816849818]
2023-11-08 12:33:14,787 Collecting Particle Data for year: 1997 using BBOX [33.112113637681155, 36.01066436231884, -114.37150183150183, -110.70849816849818]
2023-11-08 12:33:15,681 Collecting Particle Data for year: 1996 using BBOX [33.112113637681155, 36.01066436231884, -114.37150183150183, -110.70849816849818]
2023-11-08 12:33:16,650 Collecting Particle Data for year: 1995 using BBOX [33.112113637681155, 36.01066436231884, -114.37150183150183, -110.70849816849818]
2023-11-08 12:33:17,862 Collecting Particle Data for year: 1994 using BBOX [33.112113637681155, 36.01066436231884, -114.37150183150183, -110.70849816849818]
2023-11-08 12:33:19,546 Collecting Particle Data for year: 1993 using BBOX [33.112113637681155, 36.01066436231884, -114.37150183150183, -110.70849816849818]
2023-11-08 12:33:20,639 Collecting Particle Data for year: 1992 using BBOX [33.112113637681155, 36.01066436231884, -114.37150183150183, -110.70849816849818]
2023-11-08 12:33:21,619 Collecting Particle Data for year: 1991 using BBOX [33.112113637681155, 36.01066436231884, -114.37150183150183, -110.70849816849818]
2023-11-08 12:33:22,542 Collecting Particle Data for year: 1990 using BBOX [33.112113637681155, 36.01066436231884, -114.37150183150183, -110.70849816849818]
2023-11-08 12:33:23,511 Collecting Particle Data for year: 1989 using BBOX [33.112113637681155, 36.01066436231884, -114.37150183150183, -110.70849816849818]
2023-11-08 12:33:24,382 Collecting Particle Data for year: 1988 using BBOX [33.112113637681155, 36.01066436231884, -114.37150183150183, -110.70849816849818]
2023-11-08 12:33:25,305 Collecting Particle Data for year: 1987 using BBOX [33.112113637681155, 36.01066436231884, -114.37150183150183, -110.70849816849818]
2023-11-08 12:33:26,225 Collecting Particle Data for year: 1986 using BBOX [33.112113637681155, 36.01066436231884, -114.37150183150183, -110.70849816849818]
2023-11-08 12:33:27,047 Collecting Particle Data for year: 1985 using BBOX [33.112113637681155, 36.01066436231884, -114.37150183150183, -110.70849816849818]
2023-11-08 12:33:27,866 Collecting Particle Data for year: 1984 using BBOX [33.112113637681155, 36.01066436231884, -114.37150183150183, -110.70849816849818]
2023-11-08 12:33:28,664 Collecting Particle Data for year: 1983 using BBOX [33.112113637681155, 36.01066436231884, -114.37150183150183, -110.70849816849818]
2023-11-08 12:33:29,457 Collecting Particle Data for year: 1982 using BBOX [33.112113637681155, 36.01066436231884, -114.37150183150183, -110.70849816849818]
2023-11-08 12:33:30,303 Collecting Particle Data for year: 1981 using BBOX [33.112113637681155, 36.01066436231884, -114.37150183150183, -110.70849816849818]
2023-11-08 12:33:31,109 Collecting Particle Data for year: 1980 using BBOX [33.112113637681155, 36.01066436231884, -114.37150183150183, -110.70849816849818]
2023-11-08 12:33:31,972 Collecting Particle Data for year: 1979 using BBOX [33.112113637681155, 36.01066436231884, -114.37150183150183, -110.70849816849818]
2023-11-08 12:33:32,428 Got no data for 1979, status = [{'status': 'No data matched your selection', 'request_time': '2023-11-08T15:33:32-05:00', 'url': 'https://aqs.epa.gov/data/api/monitors/byBox?email=vaibhav1@uw.edu&key=bluehare23&param=81102,88101,88502&bdate=19790101&edate=19791231&minlat=33.112113637681155&maxlat=36.01066436231884&minlon=-114.37150183150183&maxlon=-110.70849816849818', 'rows': 0}]
2023-11-08 12:33:32,430 Collecting Particle Data for year: 1978 using BBOX [33.112113637681155, 36.01066436231884, -114.37150183150183, -110.70849816849818]
2023-11-08 12:33:32,888 Got no data for 1978, status = [{'status': 'No data matched your selection', 'request_time': '2023-11-08T15:33:32-05:00', 'url': 'https://aqs.epa.gov/data/api/monitors/byBox?email=vaibhav1@uw.edu&key=bluehare23&param=81102,88101,88502&bdate=19780101&edate=19781231&minlat=33.112113637681155&maxlat=36.01066436231884&minlon=-114.37150183150183&maxlon=-110.70849816849818', 'rows': 0}]
2023-11-08 12:33:32,889 Collecting Particle Data for year: 1977 using BBOX [33.112113637681155, 36.01066436231884, -114.37150183150183, -110.70849816849818]
2023-11-08 12:33:33,344 Got no data for 1977, status = [{'status': 'No data matched your selection', 'request_time': '2023-11-08T15:33:33-05:00', 'url': 'https://aqs.epa.gov/data/api/monitors/byBox?email=vaibhav1@uw.edu&key=bluehare23&param=81102,88101,88502&bdate=19770101&edate=19771231&minlat=33.112113637681155&maxlat=36.01066436231884&minlon=-114.37150183150183&maxlon=-110.70849816849818', 'rows': 0}]
2023-11-08 12:33:33,347 Collecting Particle Data for year: 1976 using BBOX [33.112113637681155, 36.01066436231884, -114.37150183150183, -110.70849816849818]
2023-11-08 12:33:33,805 Got no data for 1976, status = [{'status': 'No data matched your selection', 'request_time': '2023-11-08T15:33:33-05:00', 'url': 'https://aqs.epa.gov/data/api/monitors/byBox?email=vaibhav1@uw.edu&key=bluehare23&param=81102,88101,88502&bdate=19760101&edate=19761231&minlat=33.112113637681155&maxlat=36.01066436231884&minlon=-114.37150183150183&maxlon=-110.70849816849818', 'rows': 0}]
2023-11-08 12:33:33,807 Collecting Particle Data for year: 1975 using BBOX [33.112113637681155, 36.01066436231884, -114.37150183150183, -110.70849816849818]
2023-11-08 12:33:34,268 Got no data for 1975, status = [{'status': 'No data matched your selection', 'request_time': '2023-11-08T15:33:34-05:00', 'url': 'https://aqs.epa.gov/data/api/monitors/byBox?email=vaibhav1@uw.edu&key=bluehare23&param=81102,88101,88502&bdate=19750101&edate=19751231&minlat=33.112113637681155&maxlat=36.01066436231884&minlon=-114.37150183150183&maxlon=-110.70849816849818', 'rows': 0}]
2023-11-08 12:33:34,271 Collecting Particle Data for year: 1974 using BBOX [33.112113637681155, 36.01066436231884, -114.37150183150183, -110.70849816849818]
2023-11-08 12:33:34,737 Got no data for 1974, status = [{'status': 'No data matched your selection', 'request_time': '2023-11-08T15:33:34-05:00', 'url': 'https://aqs.epa.gov/data/api/monitors/byBox?email=vaibhav1@uw.edu&key=bluehare23&param=81102,88101,88502&bdate=19740101&edate=19741231&minlat=33.112113637681155&maxlat=36.01066436231884&minlon=-114.37150183150183&maxlon=-110.70849816849818', 'rows': 0}]
2023-11-08 12:33:34,740 Collecting Particle Data for year: 1973 using BBOX [33.112113637681155, 36.01066436231884, -114.37150183150183, -110.70849816849818]
2023-11-08 12:33:35,226 Got no data for 1973, status = [{'status': 'No data matched your selection', 'request_time': '2023-11-08T15:33:35-05:00', 'url': 'https://aqs.epa.gov/data/api/monitors/byBox?email=vaibhav1@uw.edu&key=bluehare23&param=81102,88101,88502&bdate=19730101&edate=19731231&minlat=33.112113637681155&maxlat=36.01066436231884&minlon=-114.37150183150183&maxlon=-110.70849816849818', 'rows': 0}]
2023-11-08 12:33:35,228 Collecting Particle Data for year: 1972 using BBOX [33.112113637681155, 36.01066436231884, -114.37150183150183, -110.70849816849818]
2023-11-08 12:33:35,687 Got no data for 1972, status = [{'status': 'No data matched your selection', 'request_time': '2023-11-08T15:33:35-05:00', 'url': 'https://aqs.epa.gov/data/api/monitors/byBox?email=vaibhav1@uw.edu&key=bluehare23&param=81102,88101,88502&bdate=19720101&edate=19721231&minlat=33.112113637681155&maxlat=36.01066436231884&minlon=-114.37150183150183&maxlon=-110.70849816849818', 'rows': 0}]
2023-11-08 12:33:35,689 Collecting Particle Data for year: 1971 using BBOX [33.112113637681155, 36.01066436231884, -114.37150183150183, -110.70849816849818]
2023-11-08 12:33:36,141 Got no data for 1971, status = [{'status': 'No data matched your selection', 'request_time': '2023-11-08T15:33:36-05:00', 'url': 'https://aqs.epa.gov/data/api/monitors/byBox?email=vaibhav1@uw.edu&key=bluehare23&param=81102,88101,88502&bdate=19710101&edate=19711231&minlat=33.112113637681155&maxlat=36.01066436231884&minlon=-114.37150183150183&maxlon=-110.70849816849818', 'rows': 0}]
2023-11-08 12:33:36,143 Collecting Particle Data for year: 1970 using BBOX [33.112113637681155, 36.01066436231884, -114.37150183150183, -110.70849816849818]
2023-11-08 12:33:36,600 Got no data for 1970, status = [{'status': 'No data matched your selection', 'request_time': '2023-11-08T15:33:36-05:00', 'url': 'https://aqs.epa.gov/data/api/monitors/byBox?email=vaibhav1@uw.edu&key=bluehare23&param=81102,88101,88502&bdate=19700101&edate=19701231&minlat=33.112113637681155&maxlat=36.01066436231884&minlon=-114.37150183150183&maxlon=-110.70849816849818', 'rows': 0}]
2023-11-08 12:33:36,602 Collecting Particle Data for year: 1969 using BBOX [33.112113637681155, 36.01066436231884, -114.37150183150183, -110.70849816849818]
2023-11-08 12:33:36,602 Got 10 consecutive years of no particle data, stopping requests
2023-11-08 12:36:20,048 Collecting Gaseous Data for year: 2023
2023-11-08 12:36:27,067 Collecting Gaseous Data for year: 2022
2023-11-08 12:36:34,032 Collecting Gaseous Data for year: 2021
2023-11-08 12:36:40,894 Collecting Gaseous Data for year: 2020
2023-11-08 12:36:47,670 Collecting Gaseous Data for year: 2019
2023-11-08 12:36:54,625 Collecting Gaseous Data for year: 2018
2023-11-08 12:37:01,488 Collecting Gaseous Data for year: 2017
2023-11-08 12:37:08,441 Collecting Gaseous Data for year: 2016
2023-11-08 12:37:15,301 Collecting Gaseous Data for year: 2015
2023-11-08 12:37:22,398 Collecting Gaseous Data for year: 2014
2023-11-08 12:37:29,395 Collecting Gaseous Data for year: 2013
2023-11-08 12:37:36,393 Collecting Gaseous Data for year: 2012
2023-11-08 12:37:43,099 Collecting Gaseous Data for year: 2011
2023-11-08 12:37:49,958 Collecting Gaseous Data for year: 2010
2023-11-08 12:37:56,854 Collecting Gaseous Data for year: 2009
2023-11-08 12:38:03,628 Collecting Gaseous Data for year: 2008
2023-11-08 12:38:10,570 Collecting Gaseous Data for year: 2007
2023-11-08 12:38:17,313 Collecting Gaseous Data for year: 2006
2023-11-08 12:38:24,124 Collecting Gaseous Data for year: 2005
2023-11-08 12:38:30,977 Collecting Gaseous Data for year: 2004
2023-11-08 12:38:37,940 Collecting Gaseous Data for year: 2003
2023-11-08 12:38:44,752 Collecting Gaseous Data for year: 2002
2023-11-08 12:38:51,590 Collecting Gaseous Data for year: 2001
2023-11-08 12:38:58,419 Collecting Gaseous Data for year: 2000
2023-11-08 12:39:05,199 Collecting Gaseous Data for year: 1999
2023-11-08 12:39:12,057 Collecting Gaseous Data for year: 1998
2023-11-08 12:39:18,985 Collecting Gaseous Data for year: 1997
2023-11-08 12:39:25,758 Collecting Gaseous Data for year: 1996
2023-11-08 12:39:32,544 Collecting Gaseous Data for year: 1995
2023-11-08 12:39:38,630 Got no data for 1995, status = [{'status': 'No data matched your selection', 'request_time': '2023-11-08T15:39:32-05:00', 'url': 'https://aqs.epa.gov/data/api/monitors/byCounty?email=vaibhav1@uw.edu&key=bluehare23&param=42101,42401,42602,44201&bdate=19950101&edate=19951231&state=04&county=025', 'rows': 0}]
2023-11-08 12:39:38,633 Collecting Gaseous Data for year: 1994
2023-11-08 12:39:44,031 Got no data for 1994, status = [{'status': 'No data matched your selection', 'request_time': '2023-11-08T15:39:39-05:00', 'url': 'https://aqs.epa.gov/data/api/monitors/byCounty?email=vaibhav1@uw.edu&key=bluehare23&param=42101,42401,42602,44201&bdate=19940101&edate=19941231&state=04&county=025', 'rows': 0}]
2023-11-08 12:39:44,036 Collecting Gaseous Data for year: 1993
2023-11-08 12:39:49,434 Got no data for 1993, status = [{'status': 'No data matched your selection', 'request_time': '2023-11-08T15:39:44-05:00', 'url': 'https://aqs.epa.gov/data/api/monitors/byCounty?email=vaibhav1@uw.edu&key=bluehare23&param=42101,42401,42602,44201&bdate=19930101&edate=19931231&state=04&county=025', 'rows': 0}]
2023-11-08 12:39:49,437 Collecting Gaseous Data for year: 1992
2023-11-08 12:39:54,830 Got no data for 1992, status = [{'status': 'No data matched your selection', 'request_time': '2023-11-08T15:39:49-05:00', 'url': 'https://aqs.epa.gov/data/api/monitors/byCounty?email=vaibhav1@uw.edu&key=bluehare23&param=42101,42401,42602,44201&bdate=19920101&edate=19921231&state=04&county=025', 'rows': 0}]
2023-11-08 12:39:54,833 Collecting Gaseous Data for year: 1991
2023-11-08 12:40:00,230 Got no data for 1991, status = [{'status': 'No data matched your selection', 'request_time': '2023-11-08T15:39:55-05:00', 'url': 'https://aqs.epa.gov/data/api/monitors/byCounty?email=vaibhav1@uw.edu&key=bluehare23&param=42101,42401,42602,44201&bdate=19910101&edate=19911231&state=04&county=025', 'rows': 0}]
2023-11-08 12:40:00,232 Collecting Gaseous Data for year: 1990
2023-11-08 12:40:05,637 Got no data for 1990, status = [{'status': 'No data matched your selection', 'request_time': '2023-11-08T15:40:00-05:00', 'url': 'https://aqs.epa.gov/data/api/monitors/byCounty?email=vaibhav1@uw.edu&key=bluehare23&param=42101,42401,42602,44201&bdate=19900101&edate=19901231&state=04&county=025', 'rows': 0}]
2023-11-08 12:40:05,641 Collecting Gaseous Data for year: 1989
2023-11-08 12:40:11,027 Got no data for 1989, status = [{'status': 'No data matched your selection', 'request_time': '2023-11-08T15:40:06-05:00', 'url': 'https://aqs.epa.gov/data/api/monitors/byCounty?email=vaibhav1@uw.edu&key=bluehare23&param=42101,42401,42602,44201&bdate=19890101&edate=19891231&state=04&county=025', 'rows': 0}]
2023-11-08 12:40:11,031 Collecting Gaseous Data for year: 1988
2023-11-08 12:40:16,433 Got no data for 1988, status = [{'status': 'No data matched your selection', 'request_time': '2023-11-08T15:40:11-05:00', 'url': 'https://aqs.epa.gov/data/api/monitors/byCounty?email=vaibhav1@uw.edu&key=bluehare23&param=42101,42401,42602,44201&bdate=19880101&edate=19881231&state=04&county=025', 'rows': 0}]
2023-11-08 12:40:16,438 Collecting Gaseous Data for year: 1987
2023-11-08 12:40:21,848 Got no data for 1987, status = [{'status': 'No data matched your selection', 'request_time': '2023-11-08T15:40:16-05:00', 'url': 'https://aqs.epa.gov/data/api/monitors/byCounty?email=vaibhav1@uw.edu&key=bluehare23&param=42101,42401,42602,44201&bdate=19870101&edate=19871231&state=04&county=025', 'rows': 0}]
2023-11-08 12:40:21,851 Collecting Gaseous Data for year: 1986
2023-11-08 12:40:27,246 Got no data for 1986, status = [{'status': 'No data matched your selection', 'request_time': '2023-11-08T15:40:22-05:00', 'url': 'https://aqs.epa.gov/data/api/monitors/byCounty?email=vaibhav1@uw.edu&key=bluehare23&param=42101,42401,42602,44201&bdate=19860101&edate=19861231&state=04&county=025', 'rows': 0}]
2023-11-08 12:40:27,248 Collecting Gaseous Data for year: 1985
2023-11-08 12:40:27,249 Got 10 consecutive years of no gaseous data, stopping requests
2023-11-08 12:40:27,303 Collecting Particle Data for year: 2023
2023-11-08 12:40:28,148 Collecting Particle Data for year: 2022
2023-11-08 12:40:28,922 Collecting Particle Data for year: 2021
2023-11-08 12:40:29,679 Collecting Particle Data for year: 2020
2023-11-08 12:45:56,989 Collecting Particle Data for year: 2023 using BBOX [33.112113637681155, 36.01066436231884, -114.37150183150183, -110.70849816849818]
2023-11-08 12:45:57,606 Collecting Particle Data for year: 2022 using BBOX [33.112113637681155, 36.01066436231884, -114.37150183150183, -110.70849816849818]
2023-11-08 12:45:58,044 Collecting Particle Data for year: 2021 using BBOX [33.112113637681155, 36.01066436231884, -114.37150183150183, -110.70849816849818]
2023-11-08 12:45:58,478 Collecting Particle Data for year: 2020 using BBOX [33.112113637681155, 36.01066436231884, -114.37150183150183, -110.70849816849818]
2023-11-08 12:45:58,937 Collecting Particle Data for year: 2019 using BBOX [33.112113637681155, 36.01066436231884, -114.37150183150183, -110.70849816849818]
2023-11-08 12:45:59,382 Collecting Particle Data for year: 2018 using BBOX [33.112113637681155, 36.01066436231884, -114.37150183150183, -110.70849816849818]
2023-11-08 12:45:59,818 Collecting Particle Data for year: 2017 using BBOX [33.112113637681155, 36.01066436231884, -114.37150183150183, -110.70849816849818]
2023-11-08 12:46:00,254 Collecting Particle Data for year: 2016 using BBOX [33.112113637681155, 36.01066436231884, -114.37150183150183, -110.70849816849818]
2023-11-08 12:46:00,670 Collecting Particle Data for year: 2015 using BBOX [33.112113637681155, 36.01066436231884, -114.37150183150183, -110.70849816849818]
2023-11-08 12:46:01,107 Collecting Particle Data for year: 2014 using BBOX [33.112113637681155, 36.01066436231884, -114.37150183150183, -110.70849816849818]
2023-11-08 12:46:01,632 Collecting Particle Data for year: 2013 using BBOX [33.112113637681155, 36.01066436231884, -114.37150183150183, -110.70849816849818]
2023-11-08 12:46:02,361 Collecting Particle Data for year: 2012 using BBOX [33.112113637681155, 36.01066436231884, -114.37150183150183, -110.70849816849818]
2023-11-08 12:46:03,182 Collecting Particle Data for year: 2011 using BBOX [33.112113637681155, 36.01066436231884, -114.37150183150183, -110.70849816849818]
2023-11-08 12:46:03,791 Collecting Particle Data for year: 2010 using BBOX [33.112113637681155, 36.01066436231884, -114.37150183150183, -110.70849816849818]
2023-11-08 12:46:04,406 Collecting Particle Data for year: 2009 using BBOX [33.112113637681155, 36.01066436231884, -114.37150183150183, -110.70849816849818]
2023-11-08 12:46:05,017 Collecting Particle Data for year: 2008 using BBOX [33.112113637681155, 36.01066436231884, -114.37150183150183, -110.70849816849818]
2023-11-08 12:46:05,631 Collecting Particle Data for year: 2007 using BBOX [33.112113637681155, 36.01066436231884, -114.37150183150183, -110.70849816849818]
2023-11-08 12:46:06,123 Collecting Particle Data for year: 2006 using BBOX [33.112113637681155, 36.01066436231884, -114.37150183150183, -110.70849816849818]
2023-11-08 12:46:06,628 Collecting Particle Data for year: 2005 using BBOX [33.112113637681155, 36.01066436231884, -114.37150183150183, -110.70849816849818]
2023-11-08 12:46:07,106 Collecting Particle Data for year: 2004 using BBOX [33.112113637681155, 36.01066436231884, -114.37150183150183, -110.70849816849818]
2023-11-08 12:46:07,618 Collecting Particle Data for year: 2003 using BBOX [33.112113637681155, 36.01066436231884, -114.37150183150183, -110.70849816849818]
2023-11-08 12:46:08,095 Collecting Particle Data for year: 2002 using BBOX [33.112113637681155, 36.01066436231884, -114.37150183150183, -110.70849816849818]
2023-11-08 12:46:08,565 Collecting Particle Data for year: 2001 using BBOX [33.112113637681155, 36.01066436231884, -114.37150183150183, -110.70849816849818]
2023-11-08 12:46:09,096 Collecting Particle Data for year: 2000 using BBOX [33.112113637681155, 36.01066436231884, -114.37150183150183, -110.70849816849818]
2023-11-08 12:46:09,795 Collecting Particle Data for year: 1999 using BBOX [33.112113637681155, 36.01066436231884, -114.37150183150183, -110.70849816849818]
2023-11-08 12:46:10,440 Collecting Particle Data for year: 1998 using BBOX [33.112113637681155, 36.01066436231884, -114.37150183150183, -110.70849816849818]
2023-11-08 12:46:10,872 Collecting Particle Data for year: 1997 using BBOX [33.112113637681155, 36.01066436231884, -114.37150183150183, -110.70849816849818]
2023-11-08 12:46:11,311 Collecting Particle Data for year: 1996 using BBOX [33.112113637681155, 36.01066436231884, -114.37150183150183, -110.70849816849818]
2023-11-08 12:46:11,790 Collecting Particle Data for year: 1995 using BBOX [33.112113637681155, 36.01066436231884, -114.37150183150183, -110.70849816849818]
2023-11-08 12:46:12,265 Collecting Particle Data for year: 1994 using BBOX [33.112113637681155, 36.01066436231884, -114.37150183150183, -110.70849816849818]
2023-11-08 12:46:12,700 Collecting Particle Data for year: 1993 using BBOX [33.112113637681155, 36.01066436231884, -114.37150183150183, -110.70849816849818]
2023-11-08 12:46:13,158 Collecting Particle Data for year: 1992 using BBOX [33.112113637681155, 36.01066436231884, -114.37150183150183, -110.70849816849818]
2023-11-08 12:46:13,596 Collecting Particle Data for year: 1991 using BBOX [33.112113637681155, 36.01066436231884, -114.37150183150183, -110.70849816849818]
2023-11-08 12:46:14,033 Collecting Particle Data for year: 1990 using BBOX [33.112113637681155, 36.01066436231884, -114.37150183150183, -110.70849816849818]
2023-11-08 12:46:14,549 Collecting Particle Data for year: 1989 using BBOX [33.112113637681155, 36.01066436231884, -114.37150183150183, -110.70849816849818]
2023-11-08 12:46:14,922 Got no data for 1989, status = [{'status': 'No data matched your selection', 'request_time': '2023-11-08T15:46:14-05:00', 'url': 'https://aqs.epa.gov/data/api/dailyData/byCounty?email=vaibhav1@uw.edu&key=bluehare23&param=81102,88101,88502&bdate=19890101&edate=19891231&state=04&county=025', 'rows': 0}]
2023-11-08 12:46:14,925 Collecting Particle Data for year: 1988 using BBOX [33.112113637681155, 36.01066436231884, -114.37150183150183, -110.70849816849818]
2023-11-08 12:46:15,298 Got no data for 1988, status = [{'status': 'No data matched your selection', 'request_time': '2023-11-08T15:46:15-05:00', 'url': 'https://aqs.epa.gov/data/api/dailyData/byCounty?email=vaibhav1@uw.edu&key=bluehare23&param=81102,88101,88502&bdate=19880101&edate=19881231&state=04&county=025', 'rows': 0}]
2023-11-08 12:46:15,300 Collecting Particle Data for year: 1987 using BBOX [33.112113637681155, 36.01066436231884, -114.37150183150183, -110.70849816849818]
2023-11-08 12:46:15,689 Got no data for 1987, status = [{'status': 'No data matched your selection', 'request_time': '2023-11-08T15:46:15-05:00', 'url': 'https://aqs.epa.gov/data/api/dailyData/byCounty?email=vaibhav1@uw.edu&key=bluehare23&param=81102,88101,88502&bdate=19870101&edate=19871231&state=04&county=025', 'rows': 0}]
2023-11-08 12:46:15,692 Collecting Particle Data for year: 1986 using BBOX [33.112113637681155, 36.01066436231884, -114.37150183150183, -110.70849816849818]
2023-11-08 12:46:16,073 Got no data for 1986, status = [{'status': 'No data matched your selection', 'request_time': '2023-11-08T15:46:16-05:00', 'url': 'https://aqs.epa.gov/data/api/dailyData/byCounty?email=vaibhav1@uw.edu&key=bluehare23&param=81102,88101,88502&bdate=19860101&edate=19861231&state=04&county=025', 'rows': 0}]
2023-11-08 12:46:16,075 Collecting Particle Data for year: 1985 using BBOX [33.112113637681155, 36.01066436231884, -114.37150183150183, -110.70849816849818]
2023-11-08 12:46:16,459 Got no data for 1985, status = [{'status': 'No data matched your selection', 'request_time': '2023-11-08T15:46:16-05:00', 'url': 'https://aqs.epa.gov/data/api/dailyData/byCounty?email=vaibhav1@uw.edu&key=bluehare23&param=81102,88101,88502&bdate=19850101&edate=19851231&state=04&county=025', 'rows': 0}]
2023-11-08 12:46:16,461 Collecting Particle Data for year: 1984 using BBOX [33.112113637681155, 36.01066436231884, -114.37150183150183, -110.70849816849818]
2023-11-08 12:46:16,870 Got no data for 1984, status = [{'status': 'No data matched your selection', 'request_time': '2023-11-08T15:46:16-05:00', 'url': 'https://aqs.epa.gov/data/api/dailyData/byCounty?email=vaibhav1@uw.edu&key=bluehare23&param=81102,88101,88502&bdate=19840101&edate=19841231&state=04&county=025', 'rows': 0}]
2023-11-08 12:46:16,872 Collecting Particle Data for year: 1983 using BBOX [33.112113637681155, 36.01066436231884, -114.37150183150183, -110.70849816849818]
2023-11-08 12:46:17,257 Got no data for 1983, status = [{'status': 'No data matched your selection', 'request_time': '2023-11-08T15:46:17-05:00', 'url': 'https://aqs.epa.gov/data/api/dailyData/byCounty?email=vaibhav1@uw.edu&key=bluehare23&param=81102,88101,88502&bdate=19830101&edate=19831231&state=04&county=025', 'rows': 0}]
2023-11-08 12:46:17,260 Collecting Particle Data for year: 1982 using BBOX [33.112113637681155, 36.01066436231884, -114.37150183150183, -110.70849816849818]
2023-11-08 12:46:17,652 Got no data for 1982, status = [{'status': 'No data matched your selection', 'request_time': '2023-11-08T15:46:17-05:00', 'url': 'https://aqs.epa.gov/data/api/dailyData/byCounty?email=vaibhav1@uw.edu&key=bluehare23&param=81102,88101,88502&bdate=19820101&edate=19821231&state=04&county=025', 'rows': 0}]
2023-11-08 12:46:17,654 Collecting Particle Data for year: 1981 using BBOX [33.112113637681155, 36.01066436231884, -114.37150183150183, -110.70849816849818]
2023-11-08 12:46:18,048 Got no data for 1981, status = [{'status': 'No data matched your selection', 'request_time': '2023-11-08T15:46:18-05:00', 'url': 'https://aqs.epa.gov/data/api/dailyData/byCounty?email=vaibhav1@uw.edu&key=bluehare23&param=81102,88101,88502&bdate=19810101&edate=19811231&state=04&county=025', 'rows': 0}]
2023-11-08 12:46:18,050 Collecting Particle Data for year: 1980 using BBOX [33.112113637681155, 36.01066436231884, -114.37150183150183, -110.70849816849818]
2023-11-08 12:46:18,434 Got no data for 1980, status = [{'status': 'No data matched your selection', 'request_time': '2023-11-08T15:46:18-05:00', 'url': 'https://aqs.epa.gov/data/api/dailyData/byCounty?email=vaibhav1@uw.edu&key=bluehare23&param=81102,88101,88502&bdate=19800101&edate=19801231&state=04&county=025', 'rows': 0}]
2023-11-08 12:46:18,436 Collecting Particle Data for year: 1979 using BBOX [33.112113637681155, 36.01066436231884, -114.37150183150183, -110.70849816849818]
2023-11-08 12:46:18,437 Got 10 consecutive years of no particle data, stopping requests
2023-11-08 12:59:02,483 Collecting Gaseous Data for year: 2023 using BBOX [33.112113637681155, 36.01066436231884, -114.37150183150183, -110.70849816849818]
2023-11-08 13:08:17,994 No such comm target registered: jupyter.widget.control
2023-11-08 13:08:18,010 No such comm: 05ecf83d-31f7-401b-b8f0-3b9c184024c6
2023-11-08 13:08:18,985 No such comm target registered: jupyter.widget.control
2023-11-08 13:08:18,996 No such comm: 535edd2d-c425-43bb-ac24-b33005d521f1
2023-11-08 13:47:33,096 No such comm target registered: jupyter.widget.control
2023-11-08 13:47:33,098 No such comm: 66f5fb7f-b188-4adc-bd56-93c6a77424e6
2023-11-08 15:29:20,726 No such comm target registered: jupyter.widget.control
2023-11-08 15:29:20,728 No such comm: ea221228-7c31-47d5-87ad-756a0ee6b113
2023-11-08 15:30:00,233 No such comm target registered: jupyter.widget.control
2023-11-08 15:30:00,242 No such comm: edf2e3c8-5aa3-4f08-b668-8c8bd043cbb9
